
-----
Test: tests/test_buy_product.py::test_category_select (call)
Start time: 2023-07-04 11:23:24.125064
Start name method: Category_product_select

End time: 2023-07-04 11:23:29.539298
End name method: Category_product_select
URL: https://bloomflowers.pl/sklep/

-----

-----
Test: tests/test_buy_product.py::test_category_select (call)
Start time: 2023-07-04 11:23:29.540573
Start name method: Product_select

End time: 2023-07-04 11:23:49.448757
End name method: Product_select
URL: https://bloomflowers.pl/produkt/autorski-bukiet/

-----

-----
Test: tests/test_buy_product.py::test_category_select (call)
Start time: 2023-07-04 11:23:49.449761
Start name method: Product_add

End time: 2023-07-04 11:24:11.575864
End name method: Product_add
URL: https://bloomflowers.pl/koszyk/

-----

-----
Test: tests/test_buy_product.py::test_category_select (call)
Start time: 2023-07-04 11:24:11.576868
Start name method: Cart_sum

End time: 2023-07-04 11:24:48.612937
End name method: Cart_sum
URL: https://bloomflowers.pl/zamowienie/

-----

-----
Test: tests/test_buy_product.py::test_category_select (call)
Start time: 2023-07-04 11:24:48.614318
Start name method: Input_client_info

End time: 2023-07-04 11:25:42.185222
End name method: Input_client_info
URL: https://bloomflowers.pl/zamowienie/

-----
