
-----
Test: tests/test_buy_product.py::test_category_select (call)
Start time: 2023-07-04 11:28:18.928098
Start name method: Category_product_select

End time: 2023-07-04 11:28:24.310728
End name method: Category_product_select
URL: https://bloomflowers.pl/sklep/

-----

-----
Test: tests/test_buy_product.py::test_category_select (call)
Start time: 2023-07-04 11:28:24.310728
Start name method: Product_select

End time: 2023-07-04 11:28:46.176895
End name method: Product_select
URL: https://bloomflowers.pl/produkt/autorski-bukiet/

-----

-----
Test: tests/test_buy_product.py::test_category_select (call)
Start time: 2023-07-04 11:28:46.178295
Start name method: Product_add

End time: 2023-07-04 11:29:08.973642
End name method: Product_add
URL: https://bloomflowers.pl/koszyk/

-----

-----
Test: tests/test_buy_product.py::test_category_select (call)
Start time: 2023-07-04 11:29:08.974653
Start name method: Cart_sum

End time: 2023-07-04 11:29:46.235843
End name method: Cart_sum
URL: https://bloomflowers.pl/zamowienie/

-----

-----
Test: tests/test_buy_product.py::test_category_select (call)
Start time: 2023-07-04 11:29:46.236843
Start name method: Input_client_info

End time: 2023-07-04 11:30:40.099142
End name method: Input_client_info
URL: https://bloomflowers.pl/zamowienie/

-----
