
-----
Test: tests/test_buy_product.py::test_category_select (call)
Start time: 2023-07-04 11:18:43.335850
Start name method: Category_product_select

End time: 2023-07-04 11:18:46.323300
End name method: Category_product_select
URL: https://bloomflowers.pl/sklep/

-----

-----
Test: tests/test_buy_product.py::test_category_select (call)
Start time: 2023-07-04 11:18:46.324404
Start name method: Product_select

End time: 2023-07-04 11:19:04.182993
End name method: Product_select
URL: https://bloomflowers.pl/produkt/autorski-bukiet/

-----

-----
Test: tests/test_buy_product.py::test_category_select (call)
Start time: 2023-07-04 11:19:04.182993
Start name method: Product_add

End time: 2023-07-04 11:19:23.143763
End name method: Product_add
URL: https://bloomflowers.pl/koszyk/

-----

-----
Test: tests/test_buy_product.py::test_category_select (call)
Start time: 2023-07-04 11:19:23.143763
Start name method: Cart_sum

End time: 2023-07-04 11:19:58.333287
End name method: Cart_sum
URL: https://bloomflowers.pl/zamowienie/

-----

-----
Test: tests/test_buy_product.py::test_category_select (call)
Start time: 2023-07-04 11:19:58.334370
Start name method: Input_client_info

End time: 2023-07-04 11:20:50.357110
End name method: Input_client_info
URL: https://bloomflowers.pl/zamowienie/

-----
